[ERROR|2020-11-20 11:49:51,250] - [main|SpringApplication|reportFailure|826] - Application run failed
org.springframework.beans.factory.UnsatisfiedDependencyException: Error creating bean with name 'permissionServiceImpl': Unsatisfied dependency expressed through field 'baseMapper'; nested exception is org.springframework.beans.factory.NoSuchBeanDefinitionException: No qualifying bean of type 'com.shiro.test.mapper.PermissionMapper' available: expected at least 1 bean which qualifies as autowire candidate. Dependency annotations: {@org.springframework.beans.factory.annotation.Autowired(required=true)}
	at org.springframework.beans.factory.annotation.AutowiredAnnotationBeanPostProcessor$AutowiredFieldElement.inject(AutowiredAnnotationBeanPostProcessor.java:643) ~[spring-beans-5.2.10.RELEASE.jar:5.2.10.RELEASE]
	at org.springframework.beans.factory.annotation.InjectionMetadata.inject(InjectionMetadata.java:130) ~[spring-beans-5.2.10.RELEASE.jar:5.2.10.RELEASE]
	at org.springframework.beans.factory.annotation.AutowiredAnnotationBeanPostProcessor.postProcessProperties(AutowiredAnnotationBeanPostProcessor.java:399) ~[spring-beans-5.2.10.RELEASE.jar:5.2.10.RELEASE]
	at org.springframework.beans.factory.support.AbstractAutowireCapableBeanFactory.populateBean(AbstractAutowireCapableBeanFactory.java:1420) ~[spring-beans-5.2.10.RELEASE.jar:5.2.10.RELEASE]
	at org.springframework.beans.factory.support.AbstractAutowireCapableBeanFactory.doCreateBean(AbstractAutowireCapableBeanFactory.java:593) ~[spring-beans-5.2.10.RELEASE.jar:5.2.10.RELEASE]
	at org.springframework.beans.factory.support.AbstractAutowireCapableBeanFactory.createBean(AbstractAutowireCapableBeanFactory.java:516) ~[spring-beans-5.2.10.RELEASE.jar:5.2.10.RELEASE]
	at org.springframework.beans.factory.support.AbstractBeanFactory.lambda$doGetBean$0(AbstractBeanFactory.java:324) ~[spring-beans-5.2.10.RELEASE.jar:5.2.10.RELEASE]
	at org.springframework.beans.factory.support.DefaultSingletonBeanRegistry.getSingleton(DefaultSingletonBeanRegistry.java:234) ~[spring-beans-5.2.10.RELEASE.jar:5.2.10.RELEASE]
	at org.springframework.beans.factory.support.AbstractBeanFactory.doGetBean(AbstractBeanFactory.java:322) ~[spring-beans-5.2.10.RELEASE.jar:5.2.10.RELEASE]
	at org.springframework.beans.factory.support.AbstractBeanFactory.getBean(AbstractBeanFactory.java:202) ~[spring-beans-5.2.10.RELEASE.jar:5.2.10.RELEASE]
	at org.springframework.beans.factory.support.DefaultListableBeanFactory.preInstantiateSingletons(DefaultListableBeanFactory.java:897) ~[spring-beans-5.2.10.RELEASE.jar:5.2.10.RELEASE]
	at org.springframework.context.support.AbstractApplicationContext.finishBeanFactoryInitialization(AbstractApplicationContext.java:879) ~[spring-context-5.2.10.RELEASE.jar:5.2.10.RELEASE]
	at org.springframework.context.support.AbstractApplicationContext.refresh(AbstractApplicationContext.java:551) ~[spring-context-5.2.10.RELEASE.jar:5.2.10.RELEASE]
	at org.springframework.boot.web.servlet.context.ServletWebServerApplicationContext.refresh(ServletWebServerApplicationContext.java:141) ~[spring-boot-2.2.11.RELEASE.jar:2.2.11.RELEASE]
	at org.springframework.boot.SpringApplication.refresh(SpringApplication.java:747) [spring-boot-2.2.11.RELEASE.jar:2.2.11.RELEASE]
	at org.springframework.boot.SpringApplication.refreshContext(SpringApplication.java:405) [spring-boot-2.2.11.RELEASE.jar:2.2.11.RELEASE]
	at org.springframework.boot.SpringApplication.run(SpringApplication.java:315) [spring-boot-2.2.11.RELEASE.jar:2.2.11.RELEASE]
	at org.springframework.boot.SpringApplication.run(SpringApplication.java:1226) [spring-boot-2.2.11.RELEASE.jar:2.2.11.RELEASE]
	at org.springframework.boot.SpringApplication.run(SpringApplication.java:1215) [spring-boot-2.2.11.RELEASE.jar:2.2.11.RELEASE]
	at com.shiro.test.TestApplication.main(TestApplication.java:10) [classes/:?]
Caused by: org.springframework.beans.factory.NoSuchBeanDefinitionException: No qualifying bean of type 'com.shiro.test.mapper.PermissionMapper' available: expected at least 1 bean which qualifies as autowire candidate. Dependency annotations: {@org.springframework.beans.factory.annotation.Autowired(required=true)}
	at org.springframework.beans.factory.support.DefaultListableBeanFactory.raiseNoMatchingBeanFound(DefaultListableBeanFactory.java:1717) ~[spring-beans-5.2.10.RELEASE.jar:5.2.10.RELEASE]
	at org.springframework.beans.factory.support.DefaultListableBeanFactory.doResolveDependency(DefaultListableBeanFactory.java:1273) ~[spring-beans-5.2.10.RELEASE.jar:5.2.10.RELEASE]
	at org.springframework.beans.factory.support.DefaultListableBeanFactory.resolveDependency(DefaultListableBeanFactory.java:1227) ~[spring-beans-5.2.10.RELEASE.jar:5.2.10.RELEASE]
	at org.springframework.beans.factory.annotation.AutowiredAnnotationBeanPostProcessor$AutowiredFieldElement.inject(AutowiredAnnotationBeanPostProcessor.java:640) ~[spring-beans-5.2.10.RELEASE.jar:5.2.10.RELEASE]
	... 19 more
[ERROR|2020-11-20 13:13:04,215] - [main|SpringApplication|reportFailure|826] - Application run failed
org.springframework.beans.factory.UnsatisfiedDependencyException: Error creating bean with name 'permissionServiceImpl': Unsatisfied dependency expressed through field 'baseMapper'; nested exception is org.springframework.beans.factory.NoSuchBeanDefinitionException: No qualifying bean of type 'com.shiro.test.mapper.PermissionMapper' available: expected at least 1 bean which qualifies as autowire candidate. Dependency annotations: {@org.springframework.beans.factory.annotation.Autowired(required=true)}
	at org.springframework.beans.factory.annotation.AutowiredAnnotationBeanPostProcessor$AutowiredFieldElement.inject(AutowiredAnnotationBeanPostProcessor.java:643) ~[spring-beans-5.2.10.RELEASE.jar:5.2.10.RELEASE]
	at org.springframework.beans.factory.annotation.InjectionMetadata.inject(InjectionMetadata.java:130) ~[spring-beans-5.2.10.RELEASE.jar:5.2.10.RELEASE]
	at org.springframework.beans.factory.annotation.AutowiredAnnotationBeanPostProcessor.postProcessProperties(AutowiredAnnotationBeanPostProcessor.java:399) ~[spring-beans-5.2.10.RELEASE.jar:5.2.10.RELEASE]
	at org.springframework.beans.factory.support.AbstractAutowireCapableBeanFactory.populateBean(AbstractAutowireCapableBeanFactory.java:1420) ~[spring-beans-5.2.10.RELEASE.jar:5.2.10.RELEASE]
	at org.springframework.beans.factory.support.AbstractAutowireCapableBeanFactory.doCreateBean(AbstractAutowireCapableBeanFactory.java:593) ~[spring-beans-5.2.10.RELEASE.jar:5.2.10.RELEASE]
	at org.springframework.beans.factory.support.AbstractAutowireCapableBeanFactory.createBean(AbstractAutowireCapableBeanFactory.java:516) ~[spring-beans-5.2.10.RELEASE.jar:5.2.10.RELEASE]
	at org.springframework.beans.factory.support.AbstractBeanFactory.lambda$doGetBean$0(AbstractBeanFactory.java:324) ~[spring-beans-5.2.10.RELEASE.jar:5.2.10.RELEASE]
	at org.springframework.beans.factory.support.DefaultSingletonBeanRegistry.getSingleton(DefaultSingletonBeanRegistry.java:234) ~[spring-beans-5.2.10.RELEASE.jar:5.2.10.RELEASE]
	at org.springframework.beans.factory.support.AbstractBeanFactory.doGetBean(AbstractBeanFactory.java:322) ~[spring-beans-5.2.10.RELEASE.jar:5.2.10.RELEASE]
	at org.springframework.beans.factory.support.AbstractBeanFactory.getBean(AbstractBeanFactory.java:202) ~[spring-beans-5.2.10.RELEASE.jar:5.2.10.RELEASE]
	at org.springframework.beans.factory.support.DefaultListableBeanFactory.preInstantiateSingletons(DefaultListableBeanFactory.java:897) ~[spring-beans-5.2.10.RELEASE.jar:5.2.10.RELEASE]
	at org.springframework.context.support.AbstractApplicationContext.finishBeanFactoryInitialization(AbstractApplicationContext.java:879) ~[spring-context-5.2.10.RELEASE.jar:5.2.10.RELEASE]
	at org.springframework.context.support.AbstractApplicationContext.refresh(AbstractApplicationContext.java:551) ~[spring-context-5.2.10.RELEASE.jar:5.2.10.RELEASE]
	at org.springframework.boot.web.servlet.context.ServletWebServerApplicationContext.refresh(ServletWebServerApplicationContext.java:141) ~[spring-boot-2.2.11.RELEASE.jar:2.2.11.RELEASE]
	at org.springframework.boot.SpringApplication.refresh(SpringApplication.java:747) [spring-boot-2.2.11.RELEASE.jar:2.2.11.RELEASE]
	at org.springframework.boot.SpringApplication.refreshContext(SpringApplication.java:405) [spring-boot-2.2.11.RELEASE.jar:2.2.11.RELEASE]
	at org.springframework.boot.SpringApplication.run(SpringApplication.java:315) [spring-boot-2.2.11.RELEASE.jar:2.2.11.RELEASE]
	at org.springframework.boot.SpringApplication.run(SpringApplication.java:1226) [spring-boot-2.2.11.RELEASE.jar:2.2.11.RELEASE]
	at org.springframework.boot.SpringApplication.run(SpringApplication.java:1215) [spring-boot-2.2.11.RELEASE.jar:2.2.11.RELEASE]
	at com.shiro.test.TestApplication.main(TestApplication.java:10) [classes/:?]
Caused by: org.springframework.beans.factory.NoSuchBeanDefinitionException: No qualifying bean of type 'com.shiro.test.mapper.PermissionMapper' available: expected at least 1 bean which qualifies as autowire candidate. Dependency annotations: {@org.springframework.beans.factory.annotation.Autowired(required=true)}
	at org.springframework.beans.factory.support.DefaultListableBeanFactory.raiseNoMatchingBeanFound(DefaultListableBeanFactory.java:1717) ~[spring-beans-5.2.10.RELEASE.jar:5.2.10.RELEASE]
	at org.springframework.beans.factory.support.DefaultListableBeanFactory.doResolveDependency(DefaultListableBeanFactory.java:1273) ~[spring-beans-5.2.10.RELEASE.jar:5.2.10.RELEASE]
	at org.springframework.beans.factory.support.DefaultListableBeanFactory.resolveDependency(DefaultListableBeanFactory.java:1227) ~[spring-beans-5.2.10.RELEASE.jar:5.2.10.RELEASE]
	at org.springframework.beans.factory.annotation.AutowiredAnnotationBeanPostProcessor$AutowiredFieldElement.inject(AutowiredAnnotationBeanPostProcessor.java:640) ~[spring-beans-5.2.10.RELEASE.jar:5.2.10.RELEASE]
	... 19 more
[ERROR|2020-11-20 14:12:27,121] - [main|SpringApplication|reportFailure|826] - Application run failed
org.springframework.beans.factory.UnsatisfiedDependencyException: Error creating bean with name 'permissionServiceImpl': Unsatisfied dependency expressed through field 'baseMapper'; nested exception is org.springframework.beans.factory.NoSuchBeanDefinitionException: No qualifying bean of type 'com.shiro.test.mapper.PermissionMapper' available: expected at least 1 bean which qualifies as autowire candidate. Dependency annotations: {@org.springframework.beans.factory.annotation.Autowired(required=true)}
	at org.springframework.beans.factory.annotation.AutowiredAnnotationBeanPostProcessor$AutowiredFieldElement.inject(AutowiredAnnotationBeanPostProcessor.java:643) ~[spring-beans-5.2.10.RELEASE.jar:5.2.10.RELEASE]
	at org.springframework.beans.factory.annotation.InjectionMetadata.inject(InjectionMetadata.java:130) ~[spring-beans-5.2.10.RELEASE.jar:5.2.10.RELEASE]
	at org.springframework.beans.factory.annotation.AutowiredAnnotationBeanPostProcessor.postProcessProperties(AutowiredAnnotationBeanPostProcessor.java:399) ~[spring-beans-5.2.10.RELEASE.jar:5.2.10.RELEASE]
	at org.springframework.beans.factory.support.AbstractAutowireCapableBeanFactory.populateBean(AbstractAutowireCapableBeanFactory.java:1420) ~[spring-beans-5.2.10.RELEASE.jar:5.2.10.RELEASE]
	at org.springframework.beans.factory.support.AbstractAutowireCapableBeanFactory.doCreateBean(AbstractAutowireCapableBeanFactory.java:593) ~[spring-beans-5.2.10.RELEASE.jar:5.2.10.RELEASE]
	at org.springframework.beans.factory.support.AbstractAutowireCapableBeanFactory.createBean(AbstractAutowireCapableBeanFactory.java:516) ~[spring-beans-5.2.10.RELEASE.jar:5.2.10.RELEASE]
	at org.springframework.beans.factory.support.AbstractBeanFactory.lambda$doGetBean$0(AbstractBeanFactory.java:324) ~[spring-beans-5.2.10.RELEASE.jar:5.2.10.RELEASE]
	at org.springframework.beans.factory.support.DefaultSingletonBeanRegistry.getSingleton(DefaultSingletonBeanRegistry.java:234) ~[spring-beans-5.2.10.RELEASE.jar:5.2.10.RELEASE]
	at org.springframework.beans.factory.support.AbstractBeanFactory.doGetBean(AbstractBeanFactory.java:322) ~[spring-beans-5.2.10.RELEASE.jar:5.2.10.RELEASE]
	at org.springframework.beans.factory.support.AbstractBeanFactory.getBean(AbstractBeanFactory.java:202) ~[spring-beans-5.2.10.RELEASE.jar:5.2.10.RELEASE]
	at org.springframework.beans.factory.support.DefaultListableBeanFactory.preInstantiateSingletons(DefaultListableBeanFactory.java:897) ~[spring-beans-5.2.10.RELEASE.jar:5.2.10.RELEASE]
	at org.springframework.context.support.AbstractApplicationContext.finishBeanFactoryInitialization(AbstractApplicationContext.java:879) ~[spring-context-5.2.10.RELEASE.jar:5.2.10.RELEASE]
	at org.springframework.context.support.AbstractApplicationContext.refresh(AbstractApplicationContext.java:551) ~[spring-context-5.2.10.RELEASE.jar:5.2.10.RELEASE]
	at org.springframework.boot.web.servlet.context.ServletWebServerApplicationContext.refresh(ServletWebServerApplicationContext.java:141) ~[spring-boot-2.2.11.RELEASE.jar:2.2.11.RELEASE]
	at org.springframework.boot.SpringApplication.refresh(SpringApplication.java:747) [spring-boot-2.2.11.RELEASE.jar:2.2.11.RELEASE]
	at org.springframework.boot.SpringApplication.refreshContext(SpringApplication.java:405) [spring-boot-2.2.11.RELEASE.jar:2.2.11.RELEASE]
	at org.springframework.boot.SpringApplication.run(SpringApplication.java:315) [spring-boot-2.2.11.RELEASE.jar:2.2.11.RELEASE]
	at org.springframework.boot.SpringApplication.run(SpringApplication.java:1226) [spring-boot-2.2.11.RELEASE.jar:2.2.11.RELEASE]
	at org.springframework.boot.SpringApplication.run(SpringApplication.java:1215) [spring-boot-2.2.11.RELEASE.jar:2.2.11.RELEASE]
	at com.shiro.test.TestApplication.main(TestApplication.java:12) [classes/:?]
Caused by: org.springframework.beans.factory.NoSuchBeanDefinitionException: No qualifying bean of type 'com.shiro.test.mapper.PermissionMapper' available: expected at least 1 bean which qualifies as autowire candidate. Dependency annotations: {@org.springframework.beans.factory.annotation.Autowired(required=true)}
	at org.springframework.beans.factory.support.DefaultListableBeanFactory.raiseNoMatchingBeanFound(DefaultListableBeanFactory.java:1717) ~[spring-beans-5.2.10.RELEASE.jar:5.2.10.RELEASE]
	at org.springframework.beans.factory.support.DefaultListableBeanFactory.doResolveDependency(DefaultListableBeanFactory.java:1273) ~[spring-beans-5.2.10.RELEASE.jar:5.2.10.RELEASE]
	at org.springframework.beans.factory.support.DefaultListableBeanFactory.resolveDependency(DefaultListableBeanFactory.java:1227) ~[spring-beans-5.2.10.RELEASE.jar:5.2.10.RELEASE]
	at org.springframework.beans.factory.annotation.AutowiredAnnotationBeanPostProcessor$AutowiredFieldElement.inject(AutowiredAnnotationBeanPostProcessor.java:640) ~[spring-beans-5.2.10.RELEASE.jar:5.2.10.RELEASE]
	... 19 more
[ERROR|2020-11-20 14:24:17,100] - [main|SpringApplication|reportFailure|826] - Application run failed
java.lang.annotation.AnnotationFormatError: Invalid default: public abstract java.lang.Class org.mybatis.spring.annotation.MapperScan.factoryBean()
	at java.lang.reflect.Method.getDefaultValue(Method.java:612) ~[?:1.8.0_131]
	at sun.reflect.annotation.AnnotationType.<init>(AnnotationType.java:132) ~[?:1.8.0_131]
	at sun.reflect.annotation.AnnotationType.getInstance(AnnotationType.java:85) ~[?:1.8.0_131]
	at sun.reflect.annotation.AnnotationParser.parseAnnotation2(AnnotationParser.java:266) ~[?:1.8.0_131]
	at sun.reflect.annotation.AnnotationParser.parseAnnotations2(AnnotationParser.java:120) ~[?:1.8.0_131]
	at sun.reflect.annotation.AnnotationParser.parseAnnotations(AnnotationParser.java:72) ~[?:1.8.0_131]
	at java.lang.Class.createAnnotationData(Class.java:3521) ~[?:1.8.0_131]
	at java.lang.Class.annotationData(Class.java:3510) ~[?:1.8.0_131]
	at java.lang.Class.getDeclaredAnnotations(Class.java:3477) ~[?:1.8.0_131]
	at org.springframework.core.annotation.AnnotationsScanner.getDeclaredAnnotations(AnnotationsScanner.java:454) ~[spring-core-5.2.10.RELEASE.jar:5.2.10.RELEASE]
	at org.springframework.core.annotation.AnnotationsScanner.isKnownEmpty(AnnotationsScanner.java:492) ~[spring-core-5.2.10.RELEASE.jar:5.2.10.RELEASE]
	at org.springframework.core.annotation.TypeMappedAnnotations.from(TypeMappedAnnotations.java:251) ~[spring-core-5.2.10.RELEASE.jar:5.2.10.RELEASE]
	at org.springframework.core.annotation.MergedAnnotations.from(MergedAnnotations.java:351) ~[spring-core-5.2.10.RELEASE.jar:5.2.10.RELEASE]
	at org.springframework.core.annotation.MergedAnnotations.from(MergedAnnotations.java:330) ~[spring-core-5.2.10.RELEASE.jar:5.2.10.RELEASE]
	at org.springframework.core.annotation.MergedAnnotations.from(MergedAnnotations.java:313) ~[spring-core-5.2.10.RELEASE.jar:5.2.10.RELEASE]
	at org.springframework.boot.BeanDefinitionLoader.isComponent(BeanDefinitionLoader.java:279) ~[spring-boot-2.2.11.RELEASE.jar:2.2.11.RELEASE]
	at org.springframework.boot.BeanDefinitionLoader.load(BeanDefinitionLoader.java:156) ~[spring-boot-2.2.11.RELEASE.jar:2.2.11.RELEASE]
	at org.springframework.boot.BeanDefinitionLoader.load(BeanDefinitionLoader.java:136) ~[spring-boot-2.2.11.RELEASE.jar:2.2.11.RELEASE]
	at org.springframework.boot.BeanDefinitionLoader.load(BeanDefinitionLoader.java:128) ~[spring-boot-2.2.11.RELEASE.jar:2.2.11.RELEASE]
	at org.springframework.boot.SpringApplication.load(SpringApplication.java:691) [spring-boot-2.2.11.RELEASE.jar:2.2.11.RELEASE]
	at org.springframework.boot.SpringApplication.prepareContext(SpringApplication.java:392) [spring-boot-2.2.11.RELEASE.jar:2.2.11.RELEASE]
	at org.springframework.boot.SpringApplication.run(SpringApplication.java:314) [spring-boot-2.2.11.RELEASE.jar:2.2.11.RELEASE]
	at org.springframework.boot.SpringApplication.run(SpringApplication.java:1226) [spring-boot-2.2.11.RELEASE.jar:2.2.11.RELEASE]
	at org.springframework.boot.SpringApplication.run(SpringApplication.java:1215) [spring-boot-2.2.11.RELEASE.jar:2.2.11.RELEASE]
	at com.shiro.test.TestApplication.main(TestApplication.java:13) [classes/:?]
[ERROR|2020-11-20 14:25:58,692] - [main|SpringApplication|reportFailure|826] - Application run failed
java.lang.annotation.AnnotationFormatError: Invalid default: public abstract java.lang.Class org.mybatis.spring.annotation.MapperScan.factoryBean()
	at java.lang.reflect.Method.getDefaultValue(Method.java:612) ~[?:1.8.0_131]
	at sun.reflect.annotation.AnnotationType.<init>(AnnotationType.java:132) ~[?:1.8.0_131]
	at sun.reflect.annotation.AnnotationType.getInstance(AnnotationType.java:85) ~[?:1.8.0_131]
	at sun.reflect.annotation.AnnotationParser.parseAnnotation2(AnnotationParser.java:266) ~[?:1.8.0_131]
	at sun.reflect.annotation.AnnotationParser.parseAnnotations2(AnnotationParser.java:120) ~[?:1.8.0_131]
	at sun.reflect.annotation.AnnotationParser.parseAnnotations(AnnotationParser.java:72) ~[?:1.8.0_131]
	at java.lang.Class.createAnnotationData(Class.java:3521) ~[?:1.8.0_131]
	at java.lang.Class.annotationData(Class.java:3510) ~[?:1.8.0_131]
	at java.lang.Class.getDeclaredAnnotations(Class.java:3477) ~[?:1.8.0_131]
	at org.springframework.core.annotation.AnnotationsScanner.getDeclaredAnnotations(AnnotationsScanner.java:454) ~[spring-core-5.2.10.RELEASE.jar:5.2.10.RELEASE]
	at org.springframework.core.annotation.AnnotationsScanner.isKnownEmpty(AnnotationsScanner.java:492) ~[spring-core-5.2.10.RELEASE.jar:5.2.10.RELEASE]
	at org.springframework.core.annotation.TypeMappedAnnotations.from(TypeMappedAnnotations.java:251) ~[spring-core-5.2.10.RELEASE.jar:5.2.10.RELEASE]
	at org.springframework.core.annotation.MergedAnnotations.from(MergedAnnotations.java:351) ~[spring-core-5.2.10.RELEASE.jar:5.2.10.RELEASE]
	at org.springframework.core.annotation.MergedAnnotations.from(MergedAnnotations.java:330) ~[spring-core-5.2.10.RELEASE.jar:5.2.10.RELEASE]
	at org.springframework.core.annotation.MergedAnnotations.from(MergedAnnotations.java:313) ~[spring-core-5.2.10.RELEASE.jar:5.2.10.RELEASE]
	at org.springframework.boot.BeanDefinitionLoader.isComponent(BeanDefinitionLoader.java:279) ~[spring-boot-2.2.11.RELEASE.jar:2.2.11.RELEASE]
	at org.springframework.boot.BeanDefinitionLoader.load(BeanDefinitionLoader.java:156) ~[spring-boot-2.2.11.RELEASE.jar:2.2.11.RELEASE]
	at org.springframework.boot.BeanDefinitionLoader.load(BeanDefinitionLoader.java:136) ~[spring-boot-2.2.11.RELEASE.jar:2.2.11.RELEASE]
	at org.springframework.boot.BeanDefinitionLoader.load(BeanDefinitionLoader.java:128) ~[spring-boot-2.2.11.RELEASE.jar:2.2.11.RELEASE]
	at org.springframework.boot.SpringApplication.load(SpringApplication.java:691) [spring-boot-2.2.11.RELEASE.jar:2.2.11.RELEASE]
	at org.springframework.boot.SpringApplication.prepareContext(SpringApplication.java:392) [spring-boot-2.2.11.RELEASE.jar:2.2.11.RELEASE]
	at org.springframework.boot.SpringApplication.run(SpringApplication.java:314) [spring-boot-2.2.11.RELEASE.jar:2.2.11.RELEASE]
	at org.springframework.boot.SpringApplication.run(SpringApplication.java:1226) [spring-boot-2.2.11.RELEASE.jar:2.2.11.RELEASE]
	at org.springframework.boot.SpringApplication.run(SpringApplication.java:1215) [spring-boot-2.2.11.RELEASE.jar:2.2.11.RELEASE]
	at com.shiro.test.TestApplication.main(TestApplication.java:13) [classes/:?]
